<?xml version="1.0" encoding="UTF-8"?>
<testng-results skipped="0" failed="0" ignored="0" total="1" passed="1">
  <reporter-output>
  </reporter-output>
  <suite name="Default suite" duration-ms="5152" started-at="2019-01-16T11:44:38Z" finished-at="2019-01-16T11:44:43Z">
    <groups>
    </groups>
    <test name="Default test" duration-ms="5152" started-at="2019-01-16T11:44:38Z" finished-at="2019-01-16T11:44:43Z">
      <class name="project.vtiger.home.ExtentReportClass">
        <test-method status="PASS" signature="startTest()[pri:0, instance:project.vtiger.home.ExtentReportClass@224edc67]" name="startTest" duration-ms="5114" started-at="2019-01-16T17:14:38Z" finished-at="2019-01-16T17:14:43Z">
          <reporter-output>
          </reporter-output>
        </test-method> <!-- startTest -->
      </class> <!-- project.vtiger.home.ExtentReportClass -->
    </test> <!-- Default test -->
  </suite> <!-- Default suite -->
</testng-results>
